2025-11-05 09:23:55,471 [INFO] Activator:176 - 


2025-11-05 09:23:55,481 [INFO] Activator:177 - !SESSION log4j initialized
2025-11-05 09:24:02,160 [INFO] LogOutputStream:77 - [STDOUT_REDIRECT] 
2025-11-05 09:24:03,583 [INFO] ApplicationProperties:184 - Using Application install path: C:\ST\STM32CubeIDE_1.19.0\STM32CubeIDE\plugins\com.st.stm32cube.common.mx_6.15.0.202507011659
2025-11-05 09:24:03,598 [INFO] DbMcusXml:78 - Set database path to: C:\ST\STM32CubeIDE_1.19.0\STM32CubeIDE\plugins\com.st.stm32cube.common.mx_6.15.0.202507011659\\db\/mcu/
2025-11-05 09:24:03,598 [INFO] ApiDb:274 - Set plugin database path to: C:\ST\STM32CubeIDE_1.19.0\STM32CubeIDE\plugins\com.st.stm32cube.common.mx_6.15.0.202507011659\\db\/plugins/boardmanager/
2025-11-05 09:24:03,599 [WARN] ApiDb:259 - Overriding images path with different value:  => C:\ST\STM32CubeIDE_1.19.0\STM32CubeIDE\plugins\com.st.stm32cube.common.mx_6.15.0.202507011659\\db\/plugins/mcufinder/images/
2025-11-05 09:24:03,604 [INFO] ApiDb:250 - Set database path to: C:\Users\Attila\.stmcufinder\plugins\mcufinder//mcu/
2025-11-05 09:24:03,605 [INFO] DbMcusAds:125 - Set database path to: C:\Users\Attila\.stmcufinder\plugins\mcufinder//mcu/
2025-11-05 09:24:03,608 [INFO] CrossReferenceDbSqlite:203 - Set database path to: C:\Users\Attila\.stmcufinder\plugins\mcufinder//mcu/cs/
2025-11-05 09:24:03,711 [INFO] RulesReader:64 - Compatibility file has been processed (317 Rules)
2025-11-05 09:24:03,813 [INFO] DbMcusXml:78 - Set database path to: C:\ST\STM32CubeIDE_1.19.0\STM32CubeIDE\plugins\com.st.stm32cube.common.mx_6.15.0.202507011659\\db\/mcu/
2025-11-05 09:24:03,813 [INFO] ApiDb:274 - Set plugin database path to: C:\ST\STM32CubeIDE_1.19.0\STM32CubeIDE\plugins\com.st.stm32cube.common.mx_6.15.0.202507011659\\db\/plugins/boardmanager/
2025-11-05 09:24:03,813 [INFO] ApiDb:261 - Set plugin images path to: C:\ST\STM32CubeIDE_1.19.0\STM32CubeIDE\plugins\com.st.stm32cube.common.mx_6.15.0.202507011659\\db\/plugins/mcufinder/images/
2025-11-05 09:24:03,813 [WARN] DbFile:41 - Overriding database path with different value: C:\Users\Attila\.stmcufinder\plugins\mcufinder/ => C:\Users\Attila\.stmcufinder\plugins\mcufinder
2025-11-05 09:24:03,813 [INFO] ApiDb:250 - Set database path to: C:\Users\Attila\.stmcufinder\plugins\mcufinder//mcu/
2025-11-05 09:24:03,813 [WARN] DbFile:41 - Overriding database path with different value: C:\Users\Attila\.stmcufinder\plugins\mcufinder/ => C:\Users\Attila\.stmcufinder\plugins\mcufinder
2025-11-05 09:24:03,813 [INFO] DbMcusAds:125 - Set database path to: C:\Users\Attila\.stmcufinder\plugins\mcufinder//mcu/
2025-11-05 09:24:03,813 [WARN] DbFile:41 - Overriding database path with different value: C:\Users\Attila\.stmcufinder\plugins\mcufinder/ => C:\Users\Attila\.stmcufinder\plugins\mcufinder
2025-11-05 09:24:03,814 [WARN] DbFile:41 - Overriding database path with different value: C:\Users\Attila\.stmcufinder\plugins\mcufinder/ => C:\Users\Attila\.stmcufinder\plugins\mcufinder
2025-11-05 09:24:03,814 [INFO] CrossReferenceDbSqlite:203 - Set database path to: C:\Users\Attila\.stmcufinder\plugins\mcufinder//mcu/cs/
2025-11-05 09:24:03,913 [INFO] MainPanel:274 - HeapMemory: 269484032
2025-11-05 09:24:04,050 [INFO] DbMcusXml:78 - Set database path to: C:\ST\STM32CubeIDE_1.19.0\STM32CubeIDE\plugins\com.st.stm32cube.common.mx_6.15.0.202507011659\\db\/mcu/
2025-11-05 09:24:04,050 [INFO] ApiDb:274 - Set plugin database path to: C:\ST\STM32CubeIDE_1.19.0\STM32CubeIDE\plugins\com.st.stm32cube.common.mx_6.15.0.202507011659\\db\/plugins/boardmanager/
2025-11-05 09:24:04,050 [INFO] ApiDb:261 - Set plugin images path to: C:\ST\STM32CubeIDE_1.19.0\STM32CubeIDE\plugins\com.st.stm32cube.common.mx_6.15.0.202507011659\\db\/plugins/mcufinder/images/
2025-11-05 09:24:04,050 [WARN] DbFile:41 - Overriding database path with different value: C:\Users\Attila\.stmcufinder\plugins\mcufinder/ => C:\Users\Attila\.stmcufinder\plugins\mcufinder
2025-11-05 09:24:04,050 [INFO] ApiDb:250 - Set database path to: C:\Users\Attila\.stmcufinder\plugins\mcufinder//mcu/
2025-11-05 09:24:04,051 [WARN] DbFile:41 - Overriding database path with different value: C:\Users\Attila\.stmcufinder\plugins\mcufinder/ => C:\Users\Attila\.stmcufinder\plugins\mcufinder
2025-11-05 09:24:04,051 [INFO] DbMcusAds:125 - Set database path to: C:\Users\Attila\.stmcufinder\plugins\mcufinder//mcu/
2025-11-05 09:24:04,051 [WARN] DbFile:41 - Overriding database path with different value: C:\Users\Attila\.stmcufinder\plugins\mcufinder/ => C:\Users\Attila\.stmcufinder\plugins\mcufinder
2025-11-05 09:24:04,051 [WARN] DbFile:41 - Overriding database path with different value: C:\Users\Attila\.stmcufinder\plugins\mcufinder/ => C:\Users\Attila\.stmcufinder\plugins\mcufinder
2025-11-05 09:24:04,051 [INFO] CrossReferenceDbSqlite:203 - Set database path to: C:\Users\Attila\.stmcufinder\plugins\mcufinder//mcu/cs/
2025-11-05 09:24:04,074 [INFO] ApplicationProperties:184 - Using Application install path: C:\ST\STM32CubeIDE_1.19.0\STM32CubeIDE\plugins\com.st.stm32cube.common.mx_6.15.0.202507011659
2025-11-05 09:24:04,076 [INFO] PluginManage:196 - Search for loadable plugins [exclusion list=, ]
2025-11-05 09:24:04,078 [INFO] PluginManage:310 - Check plugin analytics
2025-11-05 09:24:04,253 [INFO] AnalyticsPlugin:253 - Accepted Software Licenses: 
2025-11-05 09:24:04,254 [INFO] AnalyticsPlugin:255 - Accepted CMSIS Pack Licenses: 
2025-11-05 09:24:04,255 [INFO] AnalyticsPlugin:257 - Accepted Firmware Licenses: FW.H7.1.12.0
2025-11-05 09:24:04,258 [INFO] PluginManage:359 - Loaded plugin analytics (category:tool,tabindex:-1)
2025-11-05 09:24:04,258 [INFO] PluginManage:310 - Check plugin cadmodel
2025-11-05 09:24:04,280 [INFO] CADModel:105 - Init CAD model plugin
2025-11-05 09:24:04,280 [INFO] PluginManage:359 - Loaded plugin cadmodel (category:power,tabindex:5)
2025-11-05 09:24:04,280 [INFO] PluginManage:310 - Check plugin clock
2025-11-05 09:24:04,305 [INFO] PluginManage:359 - Loaded plugin clock (category:base,tabindex:2)
2025-11-05 09:24:04,305 [INFO] PluginManage:310 - Check plugin ddr
2025-11-05 09:24:04,307 [INFO] PluginManage:359 - Loaded plugin ddr (category:tool,tabindex:6)
2025-11-05 09:24:04,307 [INFO] PluginManage:310 - Check plugin filemanager
2025-11-05 09:24:04,464 [INFO] PluginManage:359 - Loaded plugin filemanager (category:base,tabindex:10)
2025-11-05 09:24:04,466 [INFO] PluginManage:310 - Check plugin ipmanager
2025-11-05 09:24:04,475 [INFO] PluginManage:359 - Loaded plugin ipmanager (category:base,tabindex:5)
2025-11-05 09:24:04,475 [INFO] PluginManage:310 - Check plugin lpbam
2025-11-05 09:24:04,498 [INFO] PluginManage:359 - Loaded plugin lpbam (category:base,tabindex:0)
2025-11-05 09:24:04,499 [INFO] PluginManage:310 - Check plugin memorymap
2025-11-05 09:24:04,529 [INFO] PluginManage:359 - Loaded plugin memorymap (category:base,tabindex:4)
2025-11-05 09:24:04,529 [INFO] PluginManage:310 - Check plugin pinoutandconfiguration
2025-11-05 09:24:04,552 [INFO] PluginManage:359 - Loaded plugin pinoutandconfiguration (category:base,tabindex:1)
2025-11-05 09:24:04,552 [INFO] PluginManage:310 - Check plugin pinoutconfig
2025-11-05 09:24:04,654 [WARN] SupportedApi:132 - Cannot load RTOS API schema: s4s-elt-must-match.1: The content of 'definitions' must match (annotation?, (simpleType | complexType)?, (unique | key | keyref)*)). A problem was found starting at: attribute.
2025-11-05 09:24:04,794 [INFO] PluginManage:359 - Loaded plugin pinoutconfig (category:base,tabindex:0)
2025-11-05 09:24:04,794 [INFO] PluginManage:310 - Check plugin power
2025-11-05 09:24:04,819 [INFO] PluginManage:359 - Loaded plugin power (category:power,tabindex:4)
2025-11-05 09:24:04,820 [INFO] PluginManage:310 - Check plugin projectmanager
2025-11-05 09:24:04,836 [INFO] PluginManage:359 - Loaded plugin projectmanager (category:projectmanager,tabindex:4)
2025-11-05 09:24:04,836 [INFO] PluginManage:310 - Check plugin rif
2025-11-05 09:24:04,861 [INFO] PluginManage:359 - Loaded plugin rif (category:base,tabindex:3)
2025-11-05 09:24:04,861 [INFO] PluginManage:310 - Check plugin thirdparty
2025-11-05 09:24:05,197 [INFO] PluginManage:359 - Loaded plugin thirdparty (category:base,tabindex:-1)
2025-11-05 09:24:05,197 [WARN] IntegrityCheckThread:84 - waiting for thirdparty lock release [integrity check]
2025-11-05 09:24:05,198 [INFO] IntegrityCheckThread:86 - entering critical section [integrity check]
2025-11-05 09:24:05,198 [INFO] PluginManage:310 - Check plugin tools
2025-11-05 09:24:05,198 [INFO] ThirdPartyUpdaterWithRetryManager:70 - Updater plugin not ready yet. [1/15]
2025-11-05 09:24:05,254 [INFO] PluginManage:359 - Loaded plugin tools (category:base,tabindex:7)
2025-11-05 09:24:05,254 [INFO] PluginManage:310 - Check plugin tutovideos
2025-11-05 09:24:05,499 [INFO] PluginManage:359 - Loaded plugin tutovideos (category:base,tabindex:-1)
2025-11-05 09:24:05,499 [INFO] PluginManage:310 - Check plugin updater
2025-11-05 09:24:05,516 [INFO] PluginManage:359 - Loaded plugin updater (category:base,tabindex:12)
2025-11-05 09:24:05,516 [INFO] PluginManage:310 - Check plugin userauth
2025-11-05 09:24:05,519 [INFO] UserAuth:118 - Init User Auth plugin
2025-11-05 09:24:05,519 [INFO] PluginManage:359 - Loaded plugin userauth (category:base,tabindex:14)
2025-11-05 09:24:05,520 [INFO] PluginManage:283 - PluginManage : Loaded plugins [18]
2025-11-05 09:24:05,734 [INFO] PinOutPanel:1589 - setPackage(No Configuration,No Configuration)
2025-11-05 09:24:05,818 [INFO] CADModel:165 - CPN selected for project level
2025-11-05 09:24:05,818 [INFO] CADModel:114 - Register for checkConnection events
2025-11-05 09:24:05,847 [INFO] IPUIPlugin:80 - create IPUIPlugin
2025-11-05 09:24:05,847 [INFO] PluginManager:220 - loadIPPluginJar : add adc
2025-11-05 09:24:05,901 [INFO] IPUIPlugin:80 - create IPUIPlugin
2025-11-05 09:24:05,901 [INFO] PluginManager:220 - loadIPPluginJar : add aes
2025-11-05 09:24:05,964 [INFO] IPUIPlugin:80 - create IPUIPlugin
2025-11-05 09:24:05,964 [INFO] PluginManager:220 - loadIPPluginJar : add can
2025-11-05 09:24:06,004 [INFO] IPUIPlugin:80 - create IPUIPlugin
2025-11-05 09:24:06,004 [INFO] PluginManager:220 - loadIPPluginJar : add comp
2025-11-05 09:24:06,054 [INFO] IPUIPlugin:80 - create IPUIPlugin
2025-11-05 09:24:06,054 [INFO] PluginManager:220 - loadIPPluginJar : add cryp
2025-11-05 09:24:06,069 [INFO] IPUIPlugin:80 - create IPUIPlugin
2025-11-05 09:24:06,069 [INFO] PluginManager:220 - loadIPPluginJar : add ddr_ctrl_phy
2025-11-05 09:24:06,114 [INFO] IPUIPlugin:80 - create IPUIPlugin
2025-11-05 09:24:06,114 [INFO] PluginManager:220 - loadIPPluginJar : add dfsdm
2025-11-05 09:24:06,132 [INFO] IPUIPlugin:80 - create IPUIPlugin
2025-11-05 09:24:06,132 [INFO] PluginManager:220 - loadIPPluginJar : add dma
2025-11-05 09:24:06,192 [INFO] IPUIPlugin:80 - create IPUIPlugin
2025-11-05 09:24:06,193 [INFO] PluginManager:220 - loadIPPluginJar : add dma3
2025-11-05 09:24:06,258 [INFO] IPUIPlugin:80 - create IPUIPlugin
2025-11-05 09:24:06,258 [INFO] PluginManager:220 - loadIPPluginJar : add extmemmanager
2025-11-05 09:24:06,291 [INFO] IPUIPlugin:80 - create IPUIPlugin
2025-11-05 09:24:06,291 [INFO] PluginManager:220 - loadIPPluginJar : add fatfs
2025-11-05 09:24:06,360 [INFO] IPUIPlugin:80 - create IPUIPlugin
2025-11-05 09:24:06,361 [INFO] PluginManager:220 - loadIPPluginJar : add fmc
2025-11-05 09:24:06,381 [INFO] IPUIPlugin:80 - create IPUIPlugin
2025-11-05 09:24:06,381 [INFO] PluginManager:220 - loadIPPluginJar : add freertos
2025-11-05 09:24:06,414 [INFO] IPUIPlugin:80 - create IPUIPlugin
2025-11-05 09:24:06,414 [INFO] PluginManager:220 - loadIPPluginJar : add genericplugin
2025-11-05 09:24:06,563 [INFO] IPUIPlugin:80 - create IPUIPlugin
2025-11-05 09:24:06,564 [INFO] PluginManager:220 - loadIPPluginJar : add gfxmmu
2025-11-05 09:24:06,783 [INFO] IPUIPlugin:80 - create IPUIPlugin
2025-11-05 09:24:06,783 [INFO] PluginManager:220 - loadIPPluginJar : add gic
2025-11-05 09:24:06,801 [INFO] IPUIPlugin:80 - create IPUIPlugin
2025-11-05 09:24:06,801 [INFO] PluginManager:220 - loadIPPluginJar : add gpio
2025-11-05 09:24:06,930 [INFO] IPUIPlugin:80 - create IPUIPlugin
2025-11-05 09:24:06,930 [INFO] PluginManager:220 - loadIPPluginJar : add gtzc
2025-11-05 09:24:06,979 [INFO] IPUIPlugin:80 - create IPUIPlugin
2025-11-05 09:24:06,979 [INFO] PluginManager:220 - loadIPPluginJar : add hash
2025-11-05 09:24:07,058 [INFO] IPUIPlugin:80 - create IPUIPlugin
2025-11-05 09:24:07,058 [INFO] PluginManager:220 - loadIPPluginJar : add i2c
2025-11-05 09:24:07,116 [INFO] IPUIPlugin:80 - create IPUIPlugin
2025-11-05 09:24:07,116 [INFO] PluginManager:220 - loadIPPluginJar : add i2s
2025-11-05 09:24:07,177 [INFO] IPUIPlugin:80 - create IPUIPlugin
2025-11-05 09:24:07,177 [INFO] PluginManager:220 - loadIPPluginJar : add i3c
2025-11-05 09:24:07,314 [INFO] IPUIPlugin:80 - create IPUIPlugin
2025-11-05 09:24:07,314 [INFO] PluginManager:220 - loadIPPluginJar : add ipddr
2025-11-05 09:24:07,449 [INFO] IPUIPlugin:80 - create IPUIPlugin
2025-11-05 09:24:07,449 [INFO] PluginManager:220 - loadIPPluginJar : add linkedlist
2025-11-05 09:24:07,500 [INFO] IPUIPlugin:80 - create IPUIPlugin
2025-11-05 09:24:07,501 [INFO] PluginManager:220 - loadIPPluginJar : add lorawan
2025-11-05 09:24:07,553 [INFO] IPUIPlugin:80 - create IPUIPlugin
2025-11-05 09:24:07,553 [INFO] PluginManager:220 - loadIPPluginJar : add ltdc
2025-11-05 09:24:07,570 [INFO] IPUIPlugin:80 - create IPUIPlugin
2025-11-05 09:24:07,570 [INFO] PluginManager:220 - loadIPPluginJar : add mdma
2025-11-05 09:24:07,587 [INFO] IPUIPlugin:80 - create IPUIPlugin
2025-11-05 09:24:07,587 [INFO] PluginManager:220 - loadIPPluginJar : add nvic
2025-11-05 09:24:07,647 [INFO] IPUIPlugin:80 - create IPUIPlugin
2025-11-05 09:24:07,647 [INFO] PluginManager:220 - loadIPPluginJar : add opamp
2025-11-05 09:24:07,741 [INFO] IPUIPlugin:80 - create IPUIPlugin
2025-11-05 09:24:07,741 [INFO] PluginManager:220 - loadIPPluginJar : add openamp
2025-11-05 09:24:07,804 [INFO] IPUIPlugin:80 - create IPUIPlugin
2025-11-05 09:24:07,804 [INFO] PluginManager:220 - loadIPPluginJar : add pdm2pcm
2025-11-05 09:24:07,823 [INFO] IPUIPlugin:80 - create IPUIPlugin
2025-11-05 09:24:07,827 [INFO] PluginManager:220 - loadIPPluginJar : add plateformsettings
2025-11-05 09:24:07,861 [INFO] IPUIPlugin:80 - create IPUIPlugin
2025-11-05 09:24:07,861 [INFO] PluginManager:220 - loadIPPluginJar : add quadspi
2025-11-05 09:24:07,900 [INFO] IPUIPlugin:80 - create IPUIPlugin
2025-11-05 09:24:07,900 [INFO] PluginManager:220 - loadIPPluginJar : add radio
2025-11-05 09:24:07,918 [INFO] IPUIPlugin:80 - create IPUIPlugin
2025-11-05 09:24:07,918 [INFO] PluginManager:220 - loadIPPluginJar : add resmgrutility
2025-11-05 09:24:07,981 [INFO] IPUIPlugin:80 - create IPUIPlugin
2025-11-05 09:24:07,981 [INFO] PluginManager:220 - loadIPPluginJar : add sai
2025-11-05 09:24:08,034 [INFO] IPUIPlugin:80 - create IPUIPlugin
2025-11-05 09:24:08,034 [INFO] PluginManager:220 - loadIPPluginJar : add spi
2025-11-05 09:24:08,136 [INFO] IPUIPlugin:80 - create IPUIPlugin
2025-11-05 09:24:08,136 [INFO] PluginManager:220 - loadIPPluginJar : add stm32_wpan
2025-11-05 09:24:08,172 [INFO] IPUIPlugin:80 - create IPUIPlugin
2025-11-05 09:24:08,172 [INFO] PluginManager:220 - loadIPPluginJar : add tim
2025-11-05 09:24:08,200 [INFO] ThirdPartyUpdaterWithRetryManager:70 - Updater plugin not ready yet. [2/15]
2025-11-05 09:24:08,257 [INFO] IPUIPlugin:80 - create IPUIPlugin
2025-11-05 09:24:08,257 [INFO] PluginManager:220 - loadIPPluginJar : add touchsensing
2025-11-05 09:24:08,298 [INFO] IPUIPlugin:80 - create IPUIPlugin
2025-11-05 09:24:08,298 [INFO] PluginManager:220 - loadIPPluginJar : add tracer_emb
2025-11-05 09:24:08,340 [INFO] IPUIPlugin:80 - create IPUIPlugin
2025-11-05 09:24:08,340 [INFO] PluginManager:220 - loadIPPluginJar : add ts
2025-11-05 09:24:08,384 [INFO] IPUIPlugin:80 - create IPUIPlugin
2025-11-05 09:24:08,384 [INFO] PluginManager:220 - loadIPPluginJar : add tsc
2025-11-05 09:24:08,427 [INFO] IPUIPlugin:80 - create IPUIPlugin
2025-11-05 09:24:08,428 [INFO] PluginManager:220 - loadIPPluginJar : add ucpd
2025-11-05 09:24:08,513 [INFO] IPUIPlugin:80 - create IPUIPlugin
2025-11-05 09:24:08,513 [INFO] PluginManager:220 - loadIPPluginJar : add usart
2025-11-05 09:24:08,586 [INFO] IPUIPlugin:80 - create IPUIPlugin
2025-11-05 09:24:08,586 [INFO] PluginManager:220 - loadIPPluginJar : add usbx
2025-11-05 09:24:08,718 [FATAL] Updater:351 - Updater called before beeing initialized
2025-11-05 09:24:08,743 [INFO] RulesReader:64 - Compatibility file has been processed (317 Rules)
2025-11-05 09:24:08,753 [INFO] RulesReader:64 - Compatibility file has been processed (317 Rules)
2025-11-05 09:24:08,765 [INFO] CADModel:165 - CPN selected for project level
2025-11-05 09:24:08,765 [INFO] CADModel:114 - Register for checkConnection events
2025-11-05 09:24:08,765 [FATAL] Updater:351 - Updater called before beeing initialized
2025-11-05 09:24:08,765 [ERROR] CADModel:125 - Updater not yet initialized, retry later 
2025-11-05 09:24:08,913 [FATAL] Updater:351 - Updater called before beeing initialized
2025-11-05 09:24:08,915 [INFO] CADModel:165 - CPN selected for project level
2025-11-05 09:24:08,915 [INFO] CADModel:114 - Register for checkConnection events
2025-11-05 09:24:08,915 [FATAL] Updater:351 - Updater called before beeing initialized
2025-11-05 09:24:08,915 [ERROR] CADModel:125 - Updater not yet initialized, retry later 
2025-11-05 09:24:08,917 [FATAL] Updater:351 - Updater called before beeing initialized
2025-11-05 09:24:09,069 [FATAL] Updater:351 - Updater called before beeing initialized
2025-11-05 09:24:09,086 [INFO] DbMcusAds:53 - JSON generation date=Thu Oct 02 11:36:05 CEST 2025 (1759397765645)
2025-11-05 09:24:09,087 [FATAL] Updater:351 - Updater called before beeing initialized
2025-11-05 09:24:09,130 [WARN] DetailPanel:346 - Failed to get advertising image, set to default
2025-11-05 09:24:09,226 [FATAL] Updater:351 - Updater called before beeing initialized
2025-11-05 09:24:09,228 [FATAL] Updater:351 - Updater called before beeing initialized
2025-11-05 09:24:09,229 [FATAL] Updater:351 - Updater called before beeing initialized
2025-11-05 09:24:09,229 [WARN] DetailPanel:346 - Failed to get advertising image, set to default
2025-11-05 09:24:09,230 [FATAL] Updater:351 - Updater called before beeing initialized
2025-11-05 09:24:09,308 [ERROR] Updater:1198 - MainUpdater not yet initialized. External WinMGr cannot be set.
2025-11-05 09:24:09,321 [INFO] Updater:1134 - Updater Version found : 6.15.0
2025-11-05 09:24:09,335 [INFO] ApplicationProperties:184 - Using Application install path: C:\ST\STM32CubeIDE_1.19.0\STM32CubeIDE\plugins\com.st.stm32cube.common.mx_6.15.0.202507011659
2025-11-05 09:24:10,914 [ERROR] LogOutputStream:75 - [STDERR_REDIRECT] Nov 05, 2025 9:24:10 AM java.util.prefs.WindowsPreferences <init>
2025-11-05 09:24:10,915 [ERROR] LogOutputStream:75 - [STDERR_REDIRECT] WARNING: Could not open/create prefs root node Software\JavaSoft\Prefs at root 0xffffffff80000002. Windows RegCreateKeyEx(...) returned error code 5.
2025-11-05 09:24:10,915 [ERROR] LogOutputStream:75 - [STDERR_REDIRECT] 
2025-11-05 09:24:11,175 [INFO] MainUpdater:2872 - connection check result : 10
2025-11-05 09:24:11,176 [INFO] MainUpdater:289 - Updater Check For Update Now.
2025-11-05 09:24:11,176 [INFO] MicroXplorer:498 - Change Database Version : DB.6.0.150
2025-11-05 09:24:11,198 [INFO] McuFinderGlobals:63 - Set McuFinder mode to 2 (CubeIDE integrated)
2025-11-05 09:24:11,200 [WARN] MainUpdater:1193 - Updater busy. Cannot search thirdparties
2025-11-05 09:24:11,200 [INFO] ThirdPartyUpdaterWithRetryManager:96 - Updater plugin is busy. [1/15]
2025-11-05 09:24:11,206 [INFO] UserAuth:487 - Internet connection configuration mode: 1
2025-11-05 09:24:11,251 [INFO] JxBrowserEngine:152 - Initiate JxBrowser Engine with user profile folder
2025-11-05 09:24:11,386 [INFO] CheckServerUpdateThread:120 - End of CheckServer Thread
2025-11-05 09:24:12,667 [INFO] WebApp:169 - Instantiating new browser for Auth
2025-11-05 09:24:13,425 [INFO] WebApp:463 - Apply proxy settings
2025-11-05 09:24:13,426 [INFO] WebApp:548 - Chromium requires no authentication
2025-11-05 09:24:13,435 [INFO] WebApp:491 - Direct internet connection detected
2025-11-05 09:24:13,462 [INFO] WebApp:900 - Register for checkConnection events
2025-11-05 09:24:13,462 [INFO] WebApp:463 - Apply proxy settings
2025-11-05 09:24:13,462 [INFO] WebApp:548 - Chromium requires no authentication
2025-11-05 09:24:13,463 [INFO] WebApp:491 - Direct internet connection detected
2025-11-05 09:24:13,597 [INFO] WebApp:191 - Connection restablished
2025-11-05 09:24:13,668 [INFO] WebApp:225 - Starting web application
2025-11-05 09:24:13,668 [INFO] WebApp:593 - Web application path used C:\ST\STM32CubeIDE_1.19.0\STM32CubeIDE\plugins\com.st.stm32cube.common.mx_6.15.0.202507011659\db\plugins\mcufinder\reactClient1\index.html
2025-11-05 09:24:13,829 [INFO] UserAuth:487 - Internet connection configuration mode: 1
2025-11-05 09:24:13,992 [ERROR] LogOutputStream:75 - [STDERR_REDIRECT] [Fatal Error] :1:1: Premature end of file.
2025-11-05 09:24:13,993 [ERROR] LogOutputStream:75 - [STDERR_REDIRECT] 
2025-11-05 09:24:14,458 [WARN] PackLoader:240 - Cannot read IP mode file for STMicroelectronics.FP-SNS-MOTENVWB1.1.4.0
2025-11-05 09:24:14,478 [WARN] PackLoader:240 - Cannot read IP mode file for STMicroelectronics.FP-ATR-ASTRA1.2.0.2
2025-11-05 09:24:14,496 [WARN] PackLoader:240 - Cannot read IP mode file for STMicroelectronics.X-CUBE-SMBUS.2.1.0
2025-11-05 09:24:14,548 [WARN] PackLoader:240 - Cannot read IP mode file for STMicroelectronics.X-CUBE-AZRTOS-F7.1.1.0
2025-11-05 09:24:14,575 [WARN] PackLoader:240 - Cannot read IP mode file for Cesanta.I-CUBE-Mongoose.7.19.0
2025-11-05 09:24:14,593 [WARN] PackLoader:240 - Cannot read IP mode file for STMicroelectronics.FP-SNS-MOTENV1.5.1.0
2025-11-05 09:24:14,615 [WARN] PackLoader:240 - Cannot read IP mode file for WES.I-CUBE-Cesium.1.4.0
2025-11-05 09:24:14,651 [WARN] PackLoader:240 - Cannot read IP mode file for Infineon.AIROC-Wi-Fi-Bluetooth-STM32.1.7.1
2025-11-05 09:24:14,706 [WARN] PackLoader:240 - Cannot read IP mode file for STMicroelectronics.X-CUBE-AZRTOS-H7.3.4.0
2025-11-05 09:24:14,733 [WARN] PackLoader:240 - Cannot read IP mode file for STMicroelectronics.X-CUBE-DISPLAY.3.0.0
2025-11-05 09:24:14,755 [WARN] PackLoader:240 - Cannot read IP mode file for STMicroelectronics.X-CUBE-NFC10.1.0.0
2025-11-05 09:24:14,773 [WARN] PackLoader:240 - Cannot read IP mode file for STMicroelectronics.X-CUBE-ST60.1.1.0
2025-11-05 09:24:14,791 [WARN] PackLoader:240 - Cannot read IP mode file for emotas.I-CUBE-CANOPEN.1.3.0
2025-11-05 09:24:14,810 [WARN] PackLoader:240 - Cannot read IP mode file for STMicroelectronics.X-CUBE-GNSS1.7.1.0
2025-11-05 09:24:14,831 [WARN] PackLoader:240 - Cannot read IP mode file for STMicroelectronics.FP-SNS-STBOX1.2.1.0
2025-11-05 09:24:14,850 [WARN] PackLoader:240 - Cannot read IP mode file for STMicroelectronics.FP-SNS-SMARTAG2.1.2.0
2025-11-05 09:24:14,869 [WARN] PackLoader:240 - Cannot read IP mode file for STMicroelectronics.FP-SNS-FLIGHT1.5.1.0
2025-11-05 09:24:14,893 [INFO] LogOutputStream:77 - [STDOUT_REDIRECT] 1 : Invalid condition id : UX_CORESTACK_Condition cause : null
2025-11-05 09:24:14,894 [INFO] LogOutputStream:77 - [STDOUT_REDIRECT] 1 : Invalid condition id : UX_CORESTACK_Condition cause : null
2025-11-05 09:24:14,895 [INFO] LogOutputStream:77 - [STDOUT_REDIRECT] 1 : Invalid condition id : UX_CORESTACK_Condition cause : null
2025-11-05 09:24:14,896 [INFO] LogOutputStream:77 - [STDOUT_REDIRECT] 1 : Invalid condition id : UX_CORESTACK_Condition cause : null
2025-11-05 09:24:14,898 [INFO] LogOutputStream:77 - [STDOUT_REDIRECT] 1 : Invalid condition id : UX_CORESTACK_Condition cause : null
2025-11-05 09:24:14,899 [WARN] PackLoader:240 - Cannot read IP mode file for STMicroelectronics.X-CUBE-AZRTOS-WL.2.0.0
2025-11-05 09:24:14,917 [WARN] PackLoader:240 - Cannot read IP mode file for STMicroelectronics.FP-SNS-MOTENV1.5.0.0
2025-11-05 09:24:14,929 [ERROR] LogOutputStream:75 - [STDERR_REDIRECT] [Fatal Error] :1:1: Premature end of file.
2025-11-05 09:24:14,930 [ERROR] LogOutputStream:75 - [STDERR_REDIRECT] 
2025-11-05 09:24:14,936 [WARN] PackLoader:240 - Cannot read IP mode file for STMicroelectronics.X-CUBE-BLE2.3.3.0
2025-11-05 09:24:14,955 [WARN] PackLoader:240 - Cannot read IP mode file for STMicroelectronics.X-CUBE-NFC9.1.0.0
2025-11-05 09:24:14,973 [WARN] PackLoader:240 - Cannot read IP mode file for wolfSSL.I-CUBE-wolfSSL.5.8.2
2025-11-05 09:24:14,989 [WARN] PackLoader:240 - Cannot read IP mode file for STMicroelectronics.X-CUBE-BLE1.7.1.0
2025-11-05 09:24:15,005 [WARN] PackLoader:240 - Cannot read IP mode file for wolfSSL.I-CUBE-wolfMQTT.1.19.2
2025-11-05 09:24:15,023 [WARN] PackLoader:240 - Cannot read IP mode file for STMicroelectronics.X-CUBE-EEPRMA1.5.2.0
2025-11-05 09:24:15,042 [WARN] PackLoader:240 - Cannot read IP mode file for STMicroelectronics.X-CUBE-ST67W61.1.1.0
2025-11-05 09:24:15,069 [WARN] PackLoader:240 - Cannot read IP mode file for STMicroelectronics.X-CUBE-AZRTOS-G0.1.1.0
2025-11-05 09:24:15,087 [WARN] PackLoader:240 - Cannot read IP mode file for STMicroelectronics.X-CUBE-SAFEA1.1.2.2
2025-11-05 09:24:15,103 [WARN] PackLoader:240 - Cannot read IP mode file for STMicroelectronics.X-CUBE-NFC4.3.0.0
2025-11-05 09:24:15,121 [WARN] PackLoader:240 - Cannot read IP mode file for EmbeddedOffice.I-CUBE-FS-RTOS.1.0.1
2025-11-05 09:24:15,138 [WARN] PackLoader:240 - Cannot read IP mode file for STMicroelectronics.X-CUBE-WB05N.2.0.0
2025-11-05 09:24:15,153 [WARN] PackLoader:240 - Cannot read IP mode file for wolfSSL.I-CUBE-wolfTPM.3.8.0
2025-11-05 09:24:15,169 [WARN] PackLoader:240 - Cannot read IP mode file for STMicroelectronics.X-CUBE-TCPP.4.2.0
2025-11-05 09:24:15,187 [WARN] PackLoader:240 - Cannot read IP mode file for RealThread.X-CUBE-RT-Thread_Nano.4.1.1
2025-11-05 09:24:15,202 [WARN] PackLoader:240 - Cannot read IP mode file for STMicroelectronics.FP-ATR-SIGFOX1.3.2.0
2025-11-05 09:24:15,221 [WARN] PackLoader:240 - Cannot read IP mode file for ITTIA_DB.I-CUBE-ITTIADB.8.9.0
2025-11-05 09:24:15,237 [WARN] PackLoader:240 - Cannot read IP mode file for STMicroelectronics.X-CUBE-AI.10.2.0
2025-11-05 09:24:15,270 [WARN] PackLoader:240 - Cannot read IP mode file for SEGGER.I-CUBE-embOS.1.3.1
2025-11-05 09:24:15,310 [WARN] PackLoader:240 - Cannot read IP mode file for STMicroelectronics.X-CUBE-ALGOBUILD.1.4.0
2025-11-05 09:24:15,361 [WARN] PackLoader:240 - Cannot read IP mode file for STMicroelectronics.X-CUBE-MEMS1.11.3.0
2025-11-05 09:24:15,478 [WARN] PackLoader:240 - Cannot read IP mode file for STMicroelectronics.X-CUBE-PM33A1.1.0.0
2025-11-05 09:24:15,515 [WARN] PackLoader:240 - Cannot read IP mode file for STMicroelectronics.X-CUBE-AZRTOS-F4.1.1.0
2025-11-05 09:24:15,535 [WARN] PackLoader:240 - Cannot read IP mode file for STMicroelectronics.X-CUBE-ISPU.2.1.0
2025-11-05 09:24:15,562 [WARN] PackLoader:240 - Cannot read IP mode file for STMicroelectronics.X-CUBE-IPS.3.2.0
2025-11-05 09:24:15,589 [WARN] PackLoader:240 - Cannot read IP mode file for STMicroelectronics.X-CUBE-NFC12.1.0.0
2025-11-05 09:24:15,626 [WARN] PackLoader:240 - Cannot read IP mode file for STMicroelectronics.X-CUBE-AZRTOS-L5.2.0.0
2025-11-05 09:24:15,646 [WARN] PackLoader:240 - Cannot read IP mode file for STMicroelectronics.X-CUBE-NFC6.3.1.0
2025-11-05 09:24:15,665 [WARN] PackLoader:240 - Cannot read IP mode file for STMicroelectronics.X-CUBE-FREERTOS.1.3.1
2025-11-05 09:24:15,685 [WARN] PackLoader:240 - Cannot read IP mode file for STMicroelectronics.X-CUBE-TOUCHGFX.4.26.0
2025-11-05 09:24:15,707 [WARN] PackLoader:240 - Cannot read IP mode file for STMicroelectronics.FP-SNS-STAIOTCFT.1.0.0
2025-11-05 09:24:15,723 [WARN] PackLoader:240 - Cannot read IP mode file for STMicroelectronics.X-CUBE-DPower.1.3.0
2025-11-05 09:24:15,752 [WARN] ConditionMgr:438 - getConditionDescription Invalid condition id : LAN8742 Phy interface Condition cause : null
2025-11-05 09:24:15,752 [WARN] PackLoader:240 - Cannot read IP mode file for STMicroelectronics.X-CUBE-AZRTOS-L4.2.0.0
2025-11-05 09:24:15,753 [WARN] ConditionMgr:1044 - genDependencies : Invalid condition id : LAN8742 Phy interface Condition cause : null
2025-11-05 09:24:15,754 [WARN] ConditionMgr:1044 - genDependencies : Invalid condition id : LAN8742 Phy interface Condition cause : null
2025-11-05 09:24:15,754 [WARN] ConditionMgr:1044 - genDependencies : Invalid condition id : LAN8742 Phy interface Condition cause : null
2025-11-05 09:24:15,773 [WARN] PackLoader:240 - Cannot read IP mode file for STMicroelectronics.X-CUBE-SFXS2LP1.4.0.0
2025-11-05 09:24:15,796 [WARN] PackLoader:240 - Cannot read IP mode file for STMicroelectronics.X-CUBE-BLEMGR.4.1.0
2025-11-05 09:24:15,831 [WARN] ConditionMgr:438 - getConditionDescription Invalid condition id : UX DEVICE CLASS RTOS Condition cause : null
2025-11-05 09:24:15,832 [WARN] ConditionMgr:438 - getConditionDescription Invalid condition id : UX DEVICE CLASS RTOS Condition cause : null
2025-11-05 09:24:15,833 [WARN] PackLoader:240 - Cannot read IP mode file for STMicroelectronics.X-CUBE-AZRTOS-WB.2.0.0
2025-11-05 09:24:15,834 [WARN] ConditionMgr:1044 - genDependencies : Invalid condition id : UX DEVICE CLASS RTOS Condition cause : null
2025-11-05 09:24:15,834 [WARN] ConditionMgr:1044 - genDependencies : Invalid condition id : UX DEVICE CLASS RTOS Condition cause : null
2025-11-05 09:24:15,834 [WARN] ConditionMgr:1044 - genDependencies : Invalid condition id : UX DEVICE CLASS RTOS Condition cause : null
2025-11-05 09:24:15,834 [WARN] ConditionMgr:1044 - genDependencies : Invalid condition id : UX DEVICE CLASS RTOS Condition cause : null
2025-11-05 09:24:15,834 [WARN] ConditionMgr:1044 - genDependencies : Invalid condition id : UX DEVICE CLASS RTOS Condition cause : null
2025-11-05 09:24:15,853 [WARN] PackLoader:240 - Cannot read IP mode file for STMicroelectronics.X-CUBE-GNSS1.7.0.1
2025-11-05 09:24:15,870 [WARN] ConditionMgr:438 - getConditionDescription Invalid condition id : Cortex-A Device cause : null
2025-11-05 09:24:15,899 [WARN] ConditionMgr:1044 - genDependencies : Invalid condition id : Cortex-A Device cause : null
2025-11-05 09:24:15,899 [WARN] ConditionMgr:1044 - genDependencies : Invalid condition id : Cortex-A Device cause : null
2025-11-05 09:24:15,899 [WARN] ConditionMgr:1044 - genDependencies : Invalid condition id : Cortex-A Device cause : null
2025-11-05 09:24:15,916 [ERROR] LogOutputStream:75 - [STDERR_REDIRECT] [Fatal Error] :1:1: Premature end of file.
2025-11-05 09:24:15,916 [ERROR] LogOutputStream:75 - [STDERR_REDIRECT] 
2025-11-05 09:24:15,920 [WARN] PackLoader:240 - Cannot read IP mode file for STMicroelectronics.X-CUBE-SUBG2.5.0.0
2025-11-05 09:24:15,952 [WARN] PackLoader:240 - Cannot read IP mode file for STMicroelectronics.X-CUBE-AZRTOS-H7RS.1.1.0
2025-11-05 09:24:15,980 [WARN] PackLoader:240 - Cannot read IP mode file for STMicroelectronics.X-CUBE-AZRTOS-G4.2.0.0
2025-11-05 09:24:15,998 [WARN] PackLoader:240 - Cannot read IP mode file for wolfSSL.I-CUBE-wolfSSH.1.4.20
2025-11-05 09:24:16,012 [WARN] PackLoader:240 - Cannot read IP mode file for STMicroelectronics.X-CUBE-NFC7.2.0.0
2025-11-05 09:24:16,028 [WARN] PackLoader:240 - Cannot read IP mode file for STMicroelectronics.X-CUBE-ALS.1.0.2
2025-11-05 09:24:16,048 [WARN] PackLoader:240 - Cannot read IP mode file for STMicroelectronics.X-CUBE-STSE01.1.0.0
2025-11-05 09:24:16,072 [WARN] PackLoader:240 - Cannot read IP mode file for STMicroelectronics.X-CUBE-TOF1.3.4.3
2025-11-05 09:24:16,080 [INFO] ThirdParty:978 - Integrity check success = true
2025-11-05 09:24:16,080 [INFO] IntegrityCheckThread:100 - exiting critical section [integrity check]
2025-11-05 09:24:16,080 [INFO] IntegrityCheckThread:103 - End integrity checks thread
2025-11-05 09:24:16,915 [ERROR] LogOutputStream:75 - [STDERR_REDIRECT] [Fatal Error] :1:1: Premature end of file.
2025-11-05 09:24:16,915 [ERROR] LogOutputStream:75 - [STDERR_REDIRECT] 
2025-11-05 09:24:17,918 [ERROR] LogOutputStream:75 - [STDERR_REDIRECT] [Fatal Error] :1:1: Premature end of file.
2025-11-05 09:24:17,918 [ERROR] LogOutputStream:75 - [STDERR_REDIRECT] 
2025-11-05 09:24:18,915 [ERROR] LogOutputStream:75 - [STDERR_REDIRECT] [Fatal Error] :1:1: Premature end of file.
2025-11-05 09:24:18,915 [ERROR] LogOutputStream:75 - [STDERR_REDIRECT] 
2025-11-05 09:24:19,913 [ERROR] LogOutputStream:75 - [STDERR_REDIRECT] [Fatal Error] :1:1: Premature end of file.
2025-11-05 09:24:19,913 [ERROR] LogOutputStream:75 - [STDERR_REDIRECT] 
2025-11-05 09:24:20,913 [ERROR] LogOutputStream:75 - [STDERR_REDIRECT] [Fatal Error] :1:1: Premature end of file.
2025-11-05 09:24:20,913 [ERROR] LogOutputStream:75 - [STDERR_REDIRECT] 
2025-11-05 09:24:21,914 [ERROR] LogOutputStream:75 - [STDERR_REDIRECT] [Fatal Error] :1:1: Premature end of file.
2025-11-05 09:24:21,914 [ERROR] LogOutputStream:75 - [STDERR_REDIRECT] 
2025-11-05 09:24:22,916 [ERROR] LogOutputStream:75 - [STDERR_REDIRECT] [Fatal Error] :1:1: Premature end of file.
2025-11-05 09:24:22,916 [ERROR] LogOutputStream:75 - [STDERR_REDIRECT] 
2025-11-05 09:24:23,914 [ERROR] LogOutputStream:75 - [STDERR_REDIRECT] [Fatal Error] :1:1: Premature end of file.
2025-11-05 09:24:23,914 [ERROR] LogOutputStream:75 - [STDERR_REDIRECT] 
2025-11-05 09:24:24,915 [ERROR] LogOutputStream:75 - [STDERR_REDIRECT] [Fatal Error] :1:1: Premature end of file.
2025-11-05 09:24:24,916 [ERROR] LogOutputStream:75 - [STDERR_REDIRECT] 
2025-11-05 09:24:25,917 [ERROR] LogOutputStream:75 - [STDERR_REDIRECT] [Fatal Error] :1:1: Premature end of file.
2025-11-05 09:24:25,917 [ERROR] LogOutputStream:75 - [STDERR_REDIRECT] 
2025-11-05 09:24:26,916 [ERROR] LogOutputStream:75 - [STDERR_REDIRECT] [Fatal Error] :1:1: Premature end of file.
2025-11-05 09:24:26,918 [ERROR] LogOutputStream:75 - [STDERR_REDIRECT] 
2025-11-05 09:24:27,924 [ERROR] LogOutputStream:75 - [STDERR_REDIRECT] [Fatal Error] :1:1: Premature end of file.
2025-11-05 09:24:27,924 [ERROR] LogOutputStream:75 - [STDERR_REDIRECT] 
2025-11-05 09:24:28,913 [ERROR] LogOutputStream:75 - [STDERR_REDIRECT] [Fatal Error] :1:1: Premature end of file.
2025-11-05 09:24:28,913 [ERROR] LogOutputStream:75 - [STDERR_REDIRECT] 
2025-11-05 09:24:29,913 [ERROR] LogOutputStream:75 - [STDERR_REDIRECT] [Fatal Error] :1:1: Premature end of file.
2025-11-05 09:24:29,913 [ERROR] LogOutputStream:75 - [STDERR_REDIRECT] 
2025-11-05 09:24:30,913 [ERROR] LogOutputStream:75 - [STDERR_REDIRECT] [Fatal Error] :1:1: Premature end of file.
2025-11-05 09:24:30,913 [ERROR] LogOutputStream:75 - [STDERR_REDIRECT] 
2025-11-05 09:24:31,911 [ERROR] LogOutputStream:75 - [STDERR_REDIRECT] [Fatal Error] :1:1: Premature end of file.
2025-11-05 09:24:31,912 [ERROR] LogOutputStream:75 - [STDERR_REDIRECT] 
2025-11-05 09:24:32,919 [ERROR] LogOutputStream:75 - [STDERR_REDIRECT] [Fatal Error] :1:1: Premature end of file.
2025-11-05 09:24:32,919 [ERROR] LogOutputStream:75 - [STDERR_REDIRECT] 
2025-11-05 09:24:33,916 [ERROR] LogOutputStream:75 - [STDERR_REDIRECT] [Fatal Error] :1:1: Premature end of file.
2025-11-05 09:24:33,916 [ERROR] LogOutputStream:75 - [STDERR_REDIRECT] 
2025-11-05 09:24:34,917 [ERROR] LogOutputStream:75 - [STDERR_REDIRECT] [Fatal Error] :1:1: Premature end of file.
2025-11-05 09:24:34,917 [ERROR] LogOutputStream:75 - [STDERR_REDIRECT] 
2025-11-05 09:24:35,916 [ERROR] LogOutputStream:75 - [STDERR_REDIRECT] [Fatal Error] :1:1: Premature end of file.
2025-11-05 09:24:35,917 [ERROR] LogOutputStream:75 - [STDERR_REDIRECT] 
2025-11-05 09:24:36,920 [ERROR] LogOutputStream:75 - [STDERR_REDIRECT] [Fatal Error] :1:1: Premature end of file.
2025-11-05 09:24:36,921 [ERROR] LogOutputStream:75 - [STDERR_REDIRECT] 
2025-11-05 09:24:37,915 [ERROR] LogOutputStream:75 - [STDERR_REDIRECT] [Fatal Error] :1:1: Premature end of file.
2025-11-05 09:24:37,915 [ERROR] LogOutputStream:75 - [STDERR_REDIRECT] 
2025-11-05 09:24:38,917 [ERROR] LogOutputStream:75 - [STDERR_REDIRECT] [Fatal Error] :1:1: Premature end of file.
2025-11-05 09:24:38,917 [ERROR] LogOutputStream:75 - [STDERR_REDIRECT] 
2025-11-05 09:24:39,924 [ERROR] LogOutputStream:75 - [STDERR_REDIRECT] [Fatal Error] :1:1: Premature end of file.
2025-11-05 09:24:39,924 [ERROR] LogOutputStream:75 - [STDERR_REDIRECT] 
2025-11-05 09:24:40,917 [ERROR] LogOutputStream:75 - [STDERR_REDIRECT] [Fatal Error] :1:1: Premature end of file.
2025-11-05 09:24:40,917 [ERROR] LogOutputStream:75 - [STDERR_REDIRECT] 
2025-11-05 09:24:41,921 [ERROR] LogOutputStream:75 - [STDERR_REDIRECT] [Fatal Error] :1:1: Premature end of file.
2025-11-05 09:24:41,922 [ERROR] LogOutputStream:75 - [STDERR_REDIRECT] 
2025-11-05 09:24:42,917 [ERROR] LogOutputStream:75 - [STDERR_REDIRECT] [Fatal Error] :1:1: Premature end of file.
2025-11-05 09:24:42,917 [ERROR] LogOutputStream:75 - [STDERR_REDIRECT] 
2025-11-05 09:24:43,916 [ERROR] LogOutputStream:75 - [STDERR_REDIRECT] [Fatal Error] :1:1: Premature end of file.
2025-11-05 09:24:43,916 [ERROR] LogOutputStream:75 - [STDERR_REDIRECT] 
2025-11-05 09:24:44,914 [ERROR] LogOutputStream:75 - [STDERR_REDIRECT] [Fatal Error] :1:1: Premature end of file.
2025-11-05 09:24:44,914 [ERROR] LogOutputStream:75 - [STDERR_REDIRECT] 
2025-11-05 09:24:45,926 [ERROR] LogOutputStream:75 - [STDERR_REDIRECT] [Fatal Error] :1:1: Premature end of file.
2025-11-05 09:24:45,926 [ERROR] LogOutputStream:75 - [STDERR_REDIRECT] 
2025-11-05 09:24:46,918 [ERROR] LogOutputStream:75 - [STDERR_REDIRECT] [Fatal Error] :1:1: Premature end of file.
2025-11-05 09:24:46,918 [ERROR] LogOutputStream:75 - [STDERR_REDIRECT] 
2025-11-05 09:24:47,918 [ERROR] LogOutputStream:75 - [STDERR_REDIRECT] [Fatal Error] :1:1: Premature end of file.
2025-11-05 09:24:47,918 [ERROR] LogOutputStream:75 - [STDERR_REDIRECT] 
2025-11-05 09:24:48,916 [ERROR] LogOutputStream:75 - [STDERR_REDIRECT] [Fatal Error] :1:1: Premature end of file.
2025-11-05 09:24:48,916 [ERROR] LogOutputStream:75 - [STDERR_REDIRECT] 
2025-11-05 09:24:49,916 [ERROR] LogOutputStream:75 - [STDERR_REDIRECT] [Fatal Error] :1:1: Premature end of file.
2025-11-05 09:24:49,916 [ERROR] LogOutputStream:75 - [STDERR_REDIRECT] 
2025-11-05 09:24:50,919 [ERROR] LogOutputStream:75 - [STDERR_REDIRECT] [Fatal Error] :1:1: Premature end of file.
2025-11-05 09:24:50,919 [ERROR] LogOutputStream:75 - [STDERR_REDIRECT] 
2025-11-05 09:24:51,927 [ERROR] LogOutputStream:75 - [STDERR_REDIRECT] [Fatal Error] :1:1: Premature end of file.
2025-11-05 09:24:51,927 [ERROR] LogOutputStream:75 - [STDERR_REDIRECT] 
2025-11-05 09:24:52,924 [ERROR] LogOutputStream:75 - [STDERR_REDIRECT] [Fatal Error] :1:1: Premature end of file.
2025-11-05 09:24:52,924 [ERROR] LogOutputStream:75 - [STDERR_REDIRECT] 
2025-11-05 09:24:53,928 [ERROR] LogOutputStream:75 - [STDERR_REDIRECT] [Fatal Error] :1:1: Premature end of file.
2025-11-05 09:24:53,928 [ERROR] LogOutputStream:75 - [STDERR_REDIRECT] 
2025-11-05 09:24:54,916 [ERROR] LogOutputStream:75 - [STDERR_REDIRECT] [Fatal Error] :1:1: Premature end of file.
2025-11-05 09:24:54,916 [ERROR] LogOutputStream:75 - [STDERR_REDIRECT] 
2025-11-05 09:24:55,915 [ERROR] LogOutputStream:75 - [STDERR_REDIRECT] [Fatal Error] :1:1: Premature end of file.
2025-11-05 09:24:55,915 [ERROR] LogOutputStream:75 - [STDERR_REDIRECT] 
2025-11-05 09:24:56,919 [ERROR] LogOutputStream:75 - [STDERR_REDIRECT] [Fatal Error] :1:1: Premature end of file.
2025-11-05 09:24:56,920 [ERROR] LogOutputStream:75 - [STDERR_REDIRECT] 
2025-11-05 09:24:57,923 [ERROR] LogOutputStream:75 - [STDERR_REDIRECT] [Fatal Error] :1:1: Premature end of file.
2025-11-05 09:24:57,924 [ERROR] LogOutputStream:75 - [STDERR_REDIRECT] 
2025-11-05 09:24:58,942 [ERROR] LogOutputStream:75 - [STDERR_REDIRECT] [Fatal Error] :1:1: Premature end of file.
2025-11-05 09:24:58,942 [ERROR] LogOutputStream:75 - [STDERR_REDIRECT] 
2025-11-05 09:24:59,918 [ERROR] LogOutputStream:75 - [STDERR_REDIRECT] [Fatal Error] :1:1: Premature end of file.
2025-11-05 09:24:59,918 [ERROR] LogOutputStream:75 - [STDERR_REDIRECT] 
2025-11-05 09:25:00,921 [ERROR] LogOutputStream:75 - [STDERR_REDIRECT] [Fatal Error] :1:1: Premature end of file.
2025-11-05 09:25:00,921 [ERROR] LogOutputStream:75 - [STDERR_REDIRECT] 
2025-11-05 09:25:01,925 [ERROR] LogOutputStream:75 - [STDERR_REDIRECT] [Fatal Error] :1:1: Premature end of file.
2025-11-05 09:25:01,925 [ERROR] LogOutputStream:75 - [STDERR_REDIRECT] 
2025-11-05 09:25:02,921 [ERROR] LogOutputStream:75 - [STDERR_REDIRECT] [Fatal Error] :1:1: Premature end of file.
2025-11-05 09:25:02,928 [ERROR] LogOutputStream:75 - [STDERR_REDIRECT] 
2025-11-05 09:25:03,921 [ERROR] LogOutputStream:75 - [STDERR_REDIRECT] [Fatal Error] :1:1: Premature end of file.
2025-11-05 09:25:03,922 [ERROR] LogOutputStream:75 - [STDERR_REDIRECT] 
2025-11-05 09:25:04,914 [ERROR] LogOutputStream:75 - [STDERR_REDIRECT] [Fatal Error] :1:1: Premature end of file.
2025-11-05 09:25:04,914 [ERROR] LogOutputStream:75 - [STDERR_REDIRECT] 
2025-11-05 09:25:05,914 [ERROR] LogOutputStream:75 - [STDERR_REDIRECT] [Fatal Error] :1:1: Premature end of file.
2025-11-05 09:25:05,915 [ERROR] LogOutputStream:75 - [STDERR_REDIRECT] 
2025-11-05 09:25:06,913 [ERROR] LogOutputStream:75 - [STDERR_REDIRECT] [Fatal Error] :1:1: Premature end of file.
2025-11-05 09:25:06,914 [ERROR] LogOutputStream:75 - [STDERR_REDIRECT] 
2025-11-05 09:25:07,911 [ERROR] LogOutputStream:75 - [STDERR_REDIRECT] [Fatal Error] :1:1: Premature end of file.
2025-11-05 09:25:07,911 [ERROR] LogOutputStream:75 - [STDERR_REDIRECT] 
2025-11-05 09:25:08,919 [ERROR] LogOutputStream:75 - [STDERR_REDIRECT] [Fatal Error] :1:1: Premature end of file.
2025-11-05 09:25:08,919 [ERROR] LogOutputStream:75 - [STDERR_REDIRECT] 
2025-11-05 09:25:09,919 [ERROR] LogOutputStream:75 - [STDERR_REDIRECT] [Fatal Error] :1:1: Premature end of file.
2025-11-05 09:25:09,919 [ERROR] LogOutputStream:75 - [STDERR_REDIRECT] 
2025-11-05 09:25:10,918 [ERROR] LogOutputStream:75 - [STDERR_REDIRECT] [Fatal Error] :1:1: Premature end of file.
2025-11-05 09:25:10,918 [ERROR] LogOutputStream:75 - [STDERR_REDIRECT] 
2025-11-05 09:25:11,917 [ERROR] LogOutputStream:75 - [STDERR_REDIRECT] [Fatal Error] :1:1: Premature end of file.
2025-11-05 09:25:11,917 [ERROR] LogOutputStream:75 - [STDERR_REDIRECT] 
2025-11-05 09:25:12,915 [ERROR] LogOutputStream:75 - [STDERR_REDIRECT] [Fatal Error] :1:1: Premature end of file.
2025-11-05 09:25:12,915 [ERROR] LogOutputStream:75 - [STDERR_REDIRECT] 
2025-11-05 09:25:13,916 [ERROR] LogOutputStream:75 - [STDERR_REDIRECT] [Fatal Error] :1:1: Premature end of file.
2025-11-05 09:25:13,916 [ERROR] LogOutputStream:75 - [STDERR_REDIRECT] 
2025-11-05 09:25:14,921 [ERROR] LogOutputStream:75 - [STDERR_REDIRECT] [Fatal Error] :1:1: Premature end of file.
2025-11-05 09:25:14,921 [ERROR] LogOutputStream:75 - [STDERR_REDIRECT] 
2025-11-05 09:25:15,948 [ERROR] LogOutputStream:75 - [STDERR_REDIRECT] [Fatal Error] :1:1: Premature end of file.
2025-11-05 09:25:15,949 [ERROR] LogOutputStream:75 - [STDERR_REDIRECT] 
2025-11-05 09:25:16,917 [ERROR] LogOutputStream:75 - [STDERR_REDIRECT] [Fatal Error] :1:1: Premature end of file.
2025-11-05 09:25:16,918 [ERROR] LogOutputStream:75 - [STDERR_REDIRECT] 
2025-11-05 09:25:17,922 [ERROR] LogOutputStream:75 - [STDERR_REDIRECT] [Fatal Error] :1:1: Premature end of file.
2025-11-05 09:25:17,923 [ERROR] LogOutputStream:75 - [STDERR_REDIRECT] 
2025-11-05 09:25:18,920 [ERROR] LogOutputStream:75 - [STDERR_REDIRECT] [Fatal Error] :1:1: Premature end of file.
2025-11-05 09:25:18,920 [ERROR] LogOutputStream:75 - [STDERR_REDIRECT] 
2025-11-05 09:25:19,916 [ERROR] LogOutputStream:75 - [STDERR_REDIRECT] [Fatal Error] :1:1: Premature end of file.
2025-11-05 09:25:19,916 [ERROR] LogOutputStream:75 - [STDERR_REDIRECT] 
2025-11-05 09:25:20,917 [ERROR] LogOutputStream:75 - [STDERR_REDIRECT] [Fatal Error] :1:1: Premature end of file.
2025-11-05 09:25:20,917 [ERROR] LogOutputStream:75 - [STDERR_REDIRECT] 
2025-11-05 09:25:21,916 [ERROR] LogOutputStream:75 - [STDERR_REDIRECT] [Fatal Error] :1:1: Premature end of file.
2025-11-05 09:25:21,916 [ERROR] LogOutputStream:75 - [STDERR_REDIRECT] 
2025-11-05 09:25:22,915 [ERROR] LogOutputStream:75 - [STDERR_REDIRECT] [Fatal Error] :1:1: Premature end of file.
2025-11-05 09:25:22,916 [ERROR] LogOutputStream:75 - [STDERR_REDIRECT] 
2025-11-05 09:25:23,913 [ERROR] LogOutputStream:75 - [STDERR_REDIRECT] [Fatal Error] :1:1: Premature end of file.
2025-11-05 09:25:23,914 [ERROR] LogOutputStream:75 - [STDERR_REDIRECT] 
2025-11-05 09:25:24,914 [ERROR] LogOutputStream:75 - [STDERR_REDIRECT] [Fatal Error] :1:1: Premature end of file.
2025-11-05 09:25:24,914 [ERROR] LogOutputStream:75 - [STDERR_REDIRECT] 
2025-11-05 09:25:25,915 [ERROR] LogOutputStream:75 - [STDERR_REDIRECT] [Fatal Error] :1:1: Premature end of file.
2025-11-05 09:25:25,916 [ERROR] LogOutputStream:75 - [STDERR_REDIRECT] 
2025-11-05 09:25:26,914 [ERROR] LogOutputStream:75 - [STDERR_REDIRECT] [Fatal Error] :1:1: Premature end of file.
2025-11-05 09:25:26,915 [ERROR] LogOutputStream:75 - [STDERR_REDIRECT] 
2025-11-05 09:25:27,916 [ERROR] LogOutputStream:75 - [STDERR_REDIRECT] [Fatal Error] :1:1: Premature end of file.
2025-11-05 09:25:27,916 [ERROR] LogOutputStream:75 - [STDERR_REDIRECT] 
2025-11-05 09:25:28,915 [ERROR] LogOutputStream:75 - [STDERR_REDIRECT] [Fatal Error] :1:1: Premature end of file.
2025-11-05 09:25:28,915 [ERROR] LogOutputStream:75 - [STDERR_REDIRECT] 
2025-11-05 09:25:29,915 [ERROR] LogOutputStream:75 - [STDERR_REDIRECT] [Fatal Error] :1:1: Premature end of file.
2025-11-05 09:25:29,915 [ERROR] LogOutputStream:75 - [STDERR_REDIRECT] 
2025-11-05 09:25:30,914 [ERROR] LogOutputStream:75 - [STDERR_REDIRECT] [Fatal Error] :1:1: Premature end of file.
2025-11-05 09:25:30,914 [ERROR] LogOutputStream:75 - [STDERR_REDIRECT] 
2025-11-05 09:25:31,916 [ERROR] LogOutputStream:75 - [STDERR_REDIRECT] [Fatal Error] :1:1: Premature end of file.
2025-11-05 09:25:31,916 [ERROR] LogOutputStream:75 - [STDERR_REDIRECT] 
2025-11-05 09:25:32,917 [ERROR] LogOutputStream:75 - [STDERR_REDIRECT] [Fatal Error] :1:1: Premature end of file.
2025-11-05 09:25:32,917 [ERROR] LogOutputStream:75 - [STDERR_REDIRECT] 
2025-11-05 09:25:33,914 [ERROR] LogOutputStream:75 - [STDERR_REDIRECT] [Fatal Error] :1:1: Premature end of file.
2025-11-05 09:25:33,914 [ERROR] LogOutputStream:75 - [STDERR_REDIRECT] 
2025-11-05 09:25:34,916 [ERROR] LogOutputStream:75 - [STDERR_REDIRECT] [Fatal Error] :1:1: Premature end of file.
2025-11-05 09:25:34,916 [ERROR] LogOutputStream:75 - [STDERR_REDIRECT] 
2025-11-05 09:25:35,915 [ERROR] LogOutputStream:75 - [STDERR_REDIRECT] [Fatal Error] :1:1: Premature end of file.
2025-11-05 09:25:35,916 [ERROR] LogOutputStream:75 - [STDERR_REDIRECT] 
2025-11-05 09:25:36,916 [ERROR] LogOutputStream:75 - [STDERR_REDIRECT] [Fatal Error] :1:1: Premature end of file.
2025-11-05 09:25:36,917 [ERROR] LogOutputStream:75 - [STDERR_REDIRECT] 
2025-11-05 09:25:37,914 [ERROR] LogOutputStream:75 - [STDERR_REDIRECT] [Fatal Error] :1:1: Premature end of file.
2025-11-05 09:25:37,916 [ERROR] LogOutputStream:75 - [STDERR_REDIRECT] 
2025-11-05 09:25:38,916 [ERROR] LogOutputStream:75 - [STDERR_REDIRECT] [Fatal Error] :1:1: Premature end of file.
2025-11-05 09:25:38,916 [ERROR] LogOutputStream:75 - [STDERR_REDIRECT] 
2025-11-05 09:25:39,916 [ERROR] LogOutputStream:75 - [STDERR_REDIRECT] [Fatal Error] :1:1: Premature end of file.
2025-11-05 09:25:39,917 [ERROR] LogOutputStream:75 - [STDERR_REDIRECT] 
2025-11-05 09:25:40,914 [ERROR] LogOutputStream:75 - [STDERR_REDIRECT] [Fatal Error] :1:1: Premature end of file.
2025-11-05 09:25:40,914 [ERROR] LogOutputStream:75 - [STDERR_REDIRECT] 
2025-11-05 09:25:41,914 [ERROR] LogOutputStream:75 - [STDERR_REDIRECT] [Fatal Error] :1:1: Premature end of file.
2025-11-05 09:25:41,914 [ERROR] LogOutputStream:75 - [STDERR_REDIRECT] 
2025-11-05 09:25:42,916 [ERROR] LogOutputStream:75 - [STDERR_REDIRECT] [Fatal Error] :1:1: Premature end of file.
2025-11-05 09:25:42,917 [ERROR] LogOutputStream:75 - [STDERR_REDIRECT] 
2025-11-05 09:25:43,914 [ERROR] LogOutputStream:75 - [STDERR_REDIRECT] [Fatal Error] :1:1: Premature end of file.
2025-11-05 09:25:43,914 [ERROR] LogOutputStream:75 - [STDERR_REDIRECT] 
2025-11-05 09:25:44,914 [ERROR] LogOutputStream:75 - [STDERR_REDIRECT] [Fatal Error] :1:1: Premature end of file.
2025-11-05 09:25:44,914 [ERROR] LogOutputStream:75 - [STDERR_REDIRECT] 
2025-11-05 09:25:45,915 [ERROR] LogOutputStream:75 - [STDERR_REDIRECT] [Fatal Error] :1:1: Premature end of file.
2025-11-05 09:25:45,915 [ERROR] LogOutputStream:75 - [STDERR_REDIRECT] 
2025-11-05 09:25:46,915 [ERROR] LogOutputStream:75 - [STDERR_REDIRECT] [Fatal Error] :1:1: Premature end of file.
2025-11-05 09:25:46,916 [ERROR] LogOutputStream:75 - [STDERR_REDIRECT] 
2025-11-05 09:25:47,917 [ERROR] LogOutputStream:75 - [STDERR_REDIRECT] [Fatal Error] :1:1: Premature end of file.
2025-11-05 09:25:47,917 [ERROR] LogOutputStream:75 - [STDERR_REDIRECT] 
2025-11-05 09:25:48,917 [ERROR] LogOutputStream:75 - [STDERR_REDIRECT] [Fatal Error] :1:1: Premature end of file.
2025-11-05 09:25:48,917 [ERROR] LogOutputStream:75 - [STDERR_REDIRECT] 
2025-11-05 09:25:49,916 [ERROR] LogOutputStream:75 - [STDERR_REDIRECT] [Fatal Error] :1:1: Premature end of file.
2025-11-05 09:25:49,916 [ERROR] LogOutputStream:75 - [STDERR_REDIRECT] 
2025-11-05 09:25:50,916 [ERROR] LogOutputStream:75 - [STDERR_REDIRECT] [Fatal Error] :1:1: Premature end of file.
2025-11-05 09:25:50,917 [ERROR] LogOutputStream:75 - [STDERR_REDIRECT] 
2025-11-05 09:25:51,916 [ERROR] LogOutputStream:75 - [STDERR_REDIRECT] [Fatal Error] :1:1: Premature end of file.
2025-11-05 09:25:51,916 [ERROR] LogOutputStream:75 - [STDERR_REDIRECT] 
2025-11-05 09:25:52,914 [ERROR] LogOutputStream:75 - [STDERR_REDIRECT] [Fatal Error] :1:1: Premature end of file.
2025-11-05 09:25:52,914 [ERROR] LogOutputStream:75 - [STDERR_REDIRECT] 
2025-11-05 09:25:53,916 [ERROR] LogOutputStream:75 - [STDERR_REDIRECT] [Fatal Error] :1:1: Premature end of file.
2025-11-05 09:25:53,916 [ERROR] LogOutputStream:75 - [STDERR_REDIRECT] 
2025-11-05 09:25:54,915 [ERROR] LogOutputStream:75 - [STDERR_REDIRECT] [Fatal Error] :1:1: Premature end of file.
2025-11-05 09:25:54,915 [ERROR] LogOutputStream:75 - [STDERR_REDIRECT] 
2025-11-05 09:25:55,913 [ERROR] LogOutputStream:75 - [STDERR_REDIRECT] [Fatal Error] :1:1: Premature end of file.
2025-11-05 09:25:55,914 [ERROR] LogOutputStream:75 - [STDERR_REDIRECT] 
2025-11-05 09:25:56,914 [ERROR] LogOutputStream:75 - [STDERR_REDIRECT] [Fatal Error] :1:1: Premature end of file.
2025-11-05 09:25:56,914 [ERROR] LogOutputStream:75 - [STDERR_REDIRECT] 
2025-11-05 09:25:57,915 [ERROR] LogOutputStream:75 - [STDERR_REDIRECT] [Fatal Error] :1:1: Premature end of file.
2025-11-05 09:25:57,916 [ERROR] LogOutputStream:75 - [STDERR_REDIRECT] 
2025-11-05 09:25:58,914 [ERROR] LogOutputStream:75 - [STDERR_REDIRECT] [Fatal Error] :1:1: Premature end of file.
2025-11-05 09:25:58,915 [ERROR] LogOutputStream:75 - [STDERR_REDIRECT] 
2025-11-05 09:25:59,916 [ERROR] LogOutputStream:75 - [STDERR_REDIRECT] [Fatal Error] :1:1: Premature end of file.
2025-11-05 09:25:59,916 [ERROR] LogOutputStream:75 - [STDERR_REDIRECT] 
2025-11-05 09:26:00,916 [ERROR] LogOutputStream:75 - [STDERR_REDIRECT] [Fatal Error] :1:1: Premature end of file.
2025-11-05 09:26:00,916 [ERROR] LogOutputStream:75 - [STDERR_REDIRECT] 
2025-11-05 09:26:01,918 [ERROR] LogOutputStream:75 - [STDERR_REDIRECT] [Fatal Error] :1:1: Premature end of file.
2025-11-05 09:26:01,918 [ERROR] LogOutputStream:75 - [STDERR_REDIRECT] 
2025-11-05 09:26:02,915 [ERROR] LogOutputStream:75 - [STDERR_REDIRECT] [Fatal Error] :1:1: Premature end of file.
2025-11-05 09:26:02,915 [ERROR] LogOutputStream:75 - [STDERR_REDIRECT] 
2025-11-05 09:26:03,915 [ERROR] LogOutputStream:75 - [STDERR_REDIRECT] [Fatal Error] :1:1: Premature end of file.
2025-11-05 09:26:03,916 [ERROR] LogOutputStream:75 - [STDERR_REDIRECT] 
2025-11-05 09:26:04,914 [ERROR] LogOutputStream:75 - [STDERR_REDIRECT] [Fatal Error] :1:1: Premature end of file.
2025-11-05 09:26:04,914 [ERROR] LogOutputStream:75 - [STDERR_REDIRECT] 
2025-11-05 09:26:05,916 [ERROR] LogOutputStream:75 - [STDERR_REDIRECT] [Fatal Error] :1:1: Premature end of file.
2025-11-05 09:26:05,916 [ERROR] LogOutputStream:75 - [STDERR_REDIRECT] 
2025-11-05 09:26:06,912 [ERROR] LogOutputStream:75 - [STDERR_REDIRECT] [Fatal Error] :1:1: Premature end of file.
2025-11-05 09:26:06,912 [ERROR] LogOutputStream:75 - [STDERR_REDIRECT] 
2025-11-05 09:26:07,915 [ERROR] LogOutputStream:75 - [STDERR_REDIRECT] [Fatal Error] :1:1: Premature end of file.
2025-11-05 09:26:07,915 [ERROR] LogOutputStream:75 - [STDERR_REDIRECT] 
2025-11-05 09:26:08,914 [ERROR] LogOutputStream:75 - [STDERR_REDIRECT] [Fatal Error] :1:1: Premature end of file.
2025-11-05 09:26:08,915 [ERROR] LogOutputStream:75 - [STDERR_REDIRECT] 
2025-11-05 09:26:09,915 [ERROR] LogOutputStream:75 - [STDERR_REDIRECT] [Fatal Error] :1:1: Premature end of file.
2025-11-05 09:26:09,915 [ERROR] LogOutputStream:75 - [STDERR_REDIRECT] 
2025-11-05 09:26:10,916 [ERROR] LogOutputStream:75 - [STDERR_REDIRECT] [Fatal Error] :1:1: Premature end of file.
2025-11-05 09:26:10,917 [ERROR] LogOutputStream:75 - [STDERR_REDIRECT] 
2025-11-05 09:26:11,920 [ERROR] LogOutputStream:75 - [STDERR_REDIRECT] [Fatal Error] :1:1: Premature end of file.
2025-11-05 09:26:11,920 [ERROR] LogOutputStream:75 - [STDERR_REDIRECT] 
2025-11-05 09:26:12,914 [ERROR] LogOutputStream:75 - [STDERR_REDIRECT] [Fatal Error] :1:1: Premature end of file.
2025-11-05 09:26:12,914 [ERROR] LogOutputStream:75 - [STDERR_REDIRECT] 
2025-11-05 09:26:13,916 [ERROR] LogOutputStream:75 - [STDERR_REDIRECT] [Fatal Error] :1:1: Premature end of file.
2025-11-05 09:26:13,917 [ERROR] LogOutputStream:75 - [STDERR_REDIRECT] 
2025-11-05 09:26:14,915 [ERROR] LogOutputStream:75 - [STDERR_REDIRECT] [Fatal Error] :1:1: Premature end of file.
2025-11-05 09:26:14,916 [ERROR] LogOutputStream:75 - [STDERR_REDIRECT] 
2025-11-05 09:26:15,915 [ERROR] LogOutputStream:75 - [STDERR_REDIRECT] [Fatal Error] :1:1: Premature end of file.
2025-11-05 09:26:15,915 [ERROR] LogOutputStream:75 - [STDERR_REDIRECT] 
2025-11-05 09:26:16,917 [ERROR] LogOutputStream:75 - [STDERR_REDIRECT] [Fatal Error] :1:1: Premature end of file.
2025-11-05 09:26:16,917 [ERROR] LogOutputStream:75 - [STDERR_REDIRECT] 
2025-11-05 09:26:17,916 [ERROR] LogOutputStream:75 - [STDERR_REDIRECT] [Fatal Error] :1:1: Premature end of file.
2025-11-05 09:26:17,916 [ERROR] LogOutputStream:75 - [STDERR_REDIRECT] 
2025-11-05 09:26:18,915 [ERROR] LogOutputStream:75 - [STDERR_REDIRECT] [Fatal Error] :1:1: Premature end of file.
2025-11-05 09:26:18,915 [ERROR] LogOutputStream:75 - [STDERR_REDIRECT] 
2025-11-05 09:26:19,913 [ERROR] LogOutputStream:75 - [STDERR_REDIRECT] [Fatal Error] :1:1: Premature end of file.
2025-11-05 09:26:19,913 [ERROR] LogOutputStream:75 - [STDERR_REDIRECT] 
2025-11-05 09:26:20,913 [ERROR] LogOutputStream:75 - [STDERR_REDIRECT] [Fatal Error] :1:1: Premature end of file.
2025-11-05 09:26:20,913 [ERROR] LogOutputStream:75 - [STDERR_REDIRECT] 
2025-11-05 09:26:21,911 [ERROR] LogOutputStream:75 - [STDERR_REDIRECT] [Fatal Error] :1:1: Premature end of file.
2025-11-05 09:26:21,912 [ERROR] LogOutputStream:75 - [STDERR_REDIRECT] 
2025-11-05 09:26:22,912 [ERROR] LogOutputStream:75 - [STDERR_REDIRECT] [Fatal Error] :1:1: Premature end of file.
2025-11-05 09:26:22,912 [ERROR] LogOutputStream:75 - [STDERR_REDIRECT] 
2025-11-05 09:26:23,914 [ERROR] LogOutputStream:75 - [STDERR_REDIRECT] [Fatal Error] :1:1: Premature end of file.
2025-11-05 09:26:23,914 [ERROR] LogOutputStream:75 - [STDERR_REDIRECT] 
2025-11-05 09:26:24,914 [ERROR] LogOutputStream:75 - [STDERR_REDIRECT] [Fatal Error] :1:1: Premature end of file.
2025-11-05 09:26:24,914 [ERROR] LogOutputStream:75 - [STDERR_REDIRECT] 
2025-11-05 09:26:25,912 [ERROR] LogOutputStream:75 - [STDERR_REDIRECT] [Fatal Error] :1:1: Premature end of file.
2025-11-05 09:26:25,913 [ERROR] LogOutputStream:75 - [STDERR_REDIRECT] 
2025-11-05 09:26:26,913 [ERROR] LogOutputStream:75 - [STDERR_REDIRECT] [Fatal Error] :1:1: Premature end of file.
2025-11-05 09:26:26,913 [ERROR] LogOutputStream:75 - [STDERR_REDIRECT] 
2025-11-05 09:26:27,914 [ERROR] LogOutputStream:75 - [STDERR_REDIRECT] [Fatal Error] :1:1: Premature end of file.
2025-11-05 09:26:27,914 [ERROR] LogOutputStream:75 - [STDERR_REDIRECT] 
2025-11-05 09:26:28,913 [ERROR] LogOutputStream:75 - [STDERR_REDIRECT] [Fatal Error] :1:1: Premature end of file.
2025-11-05 09:26:28,914 [ERROR] LogOutputStream:75 - [STDERR_REDIRECT] 
2025-11-05 09:26:29,925 [ERROR] LogOutputStream:75 - [STDERR_REDIRECT] [Fatal Error] :1:1: Premature end of file.
2025-11-05 09:26:29,925 [ERROR] LogOutputStream:75 - [STDERR_REDIRECT] 
2025-11-05 09:26:30,004 [ERROR] LogOutputStream:75 - [STDERR_REDIRECT] 
2025-11-05 09:26:30,005 [ERROR] LogOutputStream:75 - [STDERR_REDIRECT] 
